2017-10-29 18:12:24,173 INFO [org.springframework.test.context.support.DefaultTestContextBootstrapper] - Loaded default TestExecutionListener class names from location [META-INF/spring.factories]: [org.springframework.test.context.web.ServletTestExecutionListener, org.springframework.test.context.support.DirtiesContextBeforeModesTestExecutionListener, org.springframework.test.context.support.DependencyInjectionTestExecutionListener, org.springframework.test.context.support.DirtiesContextTestExecutionListener, org.springframework.test.context.transaction.TransactionalTestExecutionListener, org.springframework.test.context.jdbc.SqlScriptsTestExecutionListener]
2017-10-29 18:12:24,203 INFO [org.springframework.test.context.support.DefaultTestContextBootstrapper] - Using TestExecutionListeners: [org.springframework.test.context.web.ServletTestExecutionListener@5f2108b5, org.springframework.test.context.support.DirtiesContextBeforeModesTestExecutionListener@31a5c39e, org.springframework.test.context.support.DependencyInjectionTestExecutionListener@3f49dace, org.springframework.test.context.support.DirtiesContextTestExecutionListener@1e397ed7, org.springframework.test.context.transaction.TransactionalTestExecutionListener@490ab905, org.springframework.test.context.jdbc.SqlScriptsTestExecutionListener@56ac3a89]
2017-10-29 18:12:24,437 INFO [org.springframework.beans.factory.xml.XmlBeanDefinitionReader] - Loading XML bean definitions from file [E:\Eclipse workspace\ssm\ssm-service-member\target\classes\spring\spring-base.xml]
2017-10-29 18:12:24,946 INFO [org.springframework.beans.factory.xml.XmlBeanDefinitionReader] - Loading XML bean definitions from file [E:\Eclipse workspace\ssm\ssm-service-member\target\classes\spring\spring-datasource.xml]
2017-10-29 18:12:25,070 INFO [org.springframework.beans.factory.xml.XmlBeanDefinitionReader] - Loading XML bean definitions from file [E:\Eclipse workspace\ssm\ssm-service-member\target\classes\spring\spring-mybatis.xml]
2017-10-29 18:12:25,124 INFO [org.springframework.beans.factory.xml.XmlBeanDefinitionReader] - Loading XML bean definitions from file [E:\Eclipse workspace\ssm\ssm-service-member\target\classes\spring\spring-transaction.xml]
2017-10-29 18:12:25,223 INFO [org.springframework.context.support.GenericApplicationContext] - Refreshing org.springframework.context.support.GenericApplicationContext@2b552920: startup date [Sun Oct 29 18:12:25 CST 2017]; root of context hierarchy
2017-10-29 18:12:26,719 INFO [com.alibaba.druid.pool.DruidDataSource] - {dataSource-1} inited
2017-10-29 18:12:27,612 DEBUG [cn.peng.ssm.dao.IMemberDAO.findById] - ==>  Preparing: select mid,name,password,locked from member where mid=? 
2017-10-29 18:12:27,669 DEBUG [cn.peng.ssm.dao.IMemberDAO.findById] - ==> Parameters: mldn(String)
2017-10-29 18:12:27,877 TRACE [cn.peng.ssm.dao.IMemberDAO.findById] - <==    Columns: mid, name, password, locked
2017-10-29 18:12:27,878 TRACE [cn.peng.ssm.dao.IMemberDAO.findById] - <==        Row: mldn, 普通人, java, 0
2017-10-29 18:12:27,954 DEBUG [cn.peng.ssm.dao.IMemberDAO.findById] - <==      Total: 1
2017-10-29 18:12:27,987 INFO [org.springframework.context.support.GenericApplicationContext] - Closing org.springframework.context.support.GenericApplicationContext@2b552920: startup date [Sun Oct 29 18:12:25 CST 2017]; root of context hierarchy
2017-10-29 18:12:28,002 INFO [com.alibaba.druid.pool.DruidDataSource] - {dataSource-1} closed
2017-10-29 18:12:46,962 INFO [org.springframework.test.context.support.DefaultTestContextBootstrapper] - Loaded default TestExecutionListener class names from location [META-INF/spring.factories]: [org.springframework.test.context.web.ServletTestExecutionListener, org.springframework.test.context.support.DirtiesContextBeforeModesTestExecutionListener, org.springframework.test.context.support.DependencyInjectionTestExecutionListener, org.springframework.test.context.support.DirtiesContextTestExecutionListener, org.springframework.test.context.transaction.TransactionalTestExecutionListener, org.springframework.test.context.jdbc.SqlScriptsTestExecutionListener]
2017-10-29 18:12:46,994 INFO [org.springframework.test.context.support.DefaultTestContextBootstrapper] - Using TestExecutionListeners: [org.springframework.test.context.web.ServletTestExecutionListener@5f2108b5, org.springframework.test.context.support.DirtiesContextBeforeModesTestExecutionListener@31a5c39e, org.springframework.test.context.support.DependencyInjectionTestExecutionListener@3f49dace, org.springframework.test.context.support.DirtiesContextTestExecutionListener@1e397ed7, org.springframework.test.context.transaction.TransactionalTestExecutionListener@490ab905, org.springframework.test.context.jdbc.SqlScriptsTestExecutionListener@56ac3a89]
2017-10-29 18:12:47,111 INFO [org.springframework.beans.factory.xml.XmlBeanDefinitionReader] - Loading XML bean definitions from file [E:\Eclipse workspace\ssm\ssm-service-member\target\classes\spring\spring-base.xml]
2017-10-29 18:12:47,394 INFO [org.springframework.beans.factory.xml.XmlBeanDefinitionReader] - Loading XML bean definitions from file [E:\Eclipse workspace\ssm\ssm-service-member\target\classes\spring\spring-datasource.xml]
2017-10-29 18:12:47,462 INFO [org.springframework.beans.factory.xml.XmlBeanDefinitionReader] - Loading XML bean definitions from file [E:\Eclipse workspace\ssm\ssm-service-member\target\classes\spring\spring-mybatis.xml]
2017-10-29 18:12:47,491 INFO [org.springframework.beans.factory.xml.XmlBeanDefinitionReader] - Loading XML bean definitions from file [E:\Eclipse workspace\ssm\ssm-service-member\target\classes\spring\spring-transaction.xml]
2017-10-29 18:12:47,592 INFO [org.springframework.context.support.GenericApplicationContext] - Refreshing org.springframework.context.support.GenericApplicationContext@2b552920: startup date [Sun Oct 29 18:12:47 CST 2017]; root of context hierarchy
2017-10-29 18:12:48,772 INFO [com.alibaba.druid.pool.DruidDataSource] - {dataSource-1} inited
2017-10-29 18:12:49,633 DEBUG [cn.peng.ssm.dao.IRoleDAO.findAllByMember] - ==>  Preparing: SELECT rid FROM member_role WHERE mid=? 
2017-10-29 18:12:49,715 DEBUG [cn.peng.ssm.dao.IRoleDAO.findAllByMember] - ==> Parameters: mldn(String)
2017-10-29 18:12:49,883 TRACE [cn.peng.ssm.dao.IRoleDAO.findAllByMember] - <==    Columns: rid
2017-10-29 18:12:49,883 TRACE [cn.peng.ssm.dao.IRoleDAO.findAllByMember] - <==        Row: news
2017-10-29 18:12:49,890 DEBUG [cn.peng.ssm.dao.IRoleDAO.findAllByMember] - <==      Total: 1
2017-10-29 18:12:49,892 DEBUG [cn.peng.ssm.dao.IActionDAO.findAllByMember] - ==>  Preparing: SELECT actid FROM action WHERE rid IN ( SELECT rid FROM member_role WHERE mid=?) 
2017-10-29 18:12:49,892 DEBUG [cn.peng.ssm.dao.IActionDAO.findAllByMember] - ==> Parameters: mldn(String)
2017-10-29 18:12:49,926 TRACE [cn.peng.ssm.dao.IActionDAO.findAllByMember] - <==    Columns: actid
2017-10-29 18:12:49,926 TRACE [cn.peng.ssm.dao.IActionDAO.findAllByMember] - <==        Row: news:add
2017-10-29 18:12:49,927 TRACE [cn.peng.ssm.dao.IActionDAO.findAllByMember] - <==        Row: news:audit
2017-10-29 18:12:49,927 TRACE [cn.peng.ssm.dao.IActionDAO.findAllByMember] - <==        Row: news:edit
2017-10-29 18:12:49,927 TRACE [cn.peng.ssm.dao.IActionDAO.findAllByMember] - <==        Row: news:list
2017-10-29 18:12:49,927 DEBUG [cn.peng.ssm.dao.IActionDAO.findAllByMember] - <==      Total: 4
2017-10-29 18:12:49,934 INFO [org.springframework.context.support.GenericApplicationContext] - Closing org.springframework.context.support.GenericApplicationContext@2b552920: startup date [Sun Oct 29 18:12:47 CST 2017]; root of context hierarchy
2017-10-29 18:12:49,940 INFO [com.alibaba.druid.pool.DruidDataSource] - {dataSource-1} closed
